<?xml version="1.0" encoding="UTF-8"?>
<!-- Generated by org.testng.reporters.JUnitXMLReporter -->
<testsuite ignored="0" hostname="DESKTOP-A67D2LQ" failures="0" tests="2" name="Default test" time="0.094" errors="0" timestamp="2021-05-01T12:56:06 IST">
  <testcase classname="TestGroup.PracticeProblems2D.A25_TestNGAnnotations" name="myTestMethod1" time="0.019"/>
  <testcase classname="TestGroup.PracticeProblems2D.A25_TestNGAnnotations" name="myTestMethod2" time="0.003"/>
</testsuite> <!-- Default test -->
