<?xml version="1.0" encoding="UTF-8"?>
<!-- Generated by org.testng.reporters.JUnitXMLReporter -->
<testsuite ignored="0" hostname="DESKTOP-A67D2LQ" failures="0" tests="4" name="Test" time="0.144" errors="0" timestamp="2021-05-01T13:00:43 IST">
  <testcase classname="TestGroup.PracticeProblems2D.A25_TestNGAnnotationsA" name="myTestMethod1" time="0.033"/>
  <testcase classname="TestGroup.PracticeProblems2D.A25_TestNGAnnotationsA" name="myTestMethod2" time="0.006"/>
  <testcase classname="TestGroup.PracticeProblems2D.A25_TestNGAnnotationsB" name="myTestMethod1" time="0.002"/>
  <testcase classname="TestGroup.PracticeProblems2D.A25_TestNGAnnotationsB" name="myTestMethod2" time="0.004"/>
</testsuite> <!-- Test -->
