<?xml version="1.0" encoding="UTF-8"?>
<testng-results ignored="0" total="4" passed="4" failed="0" skipped="0">
  <reporter-output>
  </reporter-output>
  <suite started-at="2021-05-01T13:00:43 IST" name="Suite" finished-at="2021-05-01T13:00:43 IST" duration-ms="144">
    <groups>
    </groups>
    <test started-at="2021-05-01T13:00:43 IST" name="Test" finished-at="2021-05-01T13:00:43 IST" duration-ms="144">
      <class name="TestGroup.PracticeProblems2D.A25_TestNGAnnotationsA">
        <test-method is-config="true" signature="beforeSuite()[pri:0, instance:TestGroup.PracticeProblems2D.A25_TestNGAnnotationsA@448c8166]" started-at="2021-05-01T13:00:43 IST" name="beforeSuite" finished-at="2021-05-01T13:00:43 IST" duration-ms="18" status="PASS">
          <reporter-output>
          </reporter-output>
        </test-method> <!-- beforeSuite -->
        <test-method is-config="true" signature="beforeTest()[pri:0, instance:TestGroup.PracticeProblems2D.A25_TestNGAnnotationsA@448c8166]" started-at="2021-05-01T13:00:43 IST" name="beforeTest" finished-at="2021-05-01T13:00:43 IST" duration-ms="1" status="PASS">
          <reporter-output>
          </reporter-output>
        </test-method> <!-- beforeTest -->
        <test-method is-config="true" signature="beforeClass()[pri:0, instance:TestGroup.PracticeProblems2D.A25_TestNGAnnotationsA@448c8166]" started-at="2021-05-01T13:00:43 IST" name="beforeClass" finished-at="2021-05-01T13:00:43 IST" duration-ms="1" status="PASS">
          <reporter-output>
          </reporter-output>
        </test-method> <!-- beforeClass -->
        <test-method is-config="true" signature="beforeMethod()[pri:0, instance:TestGroup.PracticeProblems2D.A25_TestNGAnnotationsA@448c8166]" started-at="2021-05-01T13:00:43 IST" name="beforeMethod" finished-at="2021-05-01T13:00:43 IST" duration-ms="1" status="PASS">
          <reporter-output>
          </reporter-output>
        </test-method> <!-- beforeMethod -->
        <test-method signature="myTestMethod1()[pri:0, instance:TestGroup.PracticeProblems2D.A25_TestNGAnnotationsA@448c8166]" started-at="2021-05-01T13:00:43 IST" name="myTestMethod1" finished-at="2021-05-01T13:00:43 IST" duration-ms="33" status="PASS">
          <reporter-output>
          </reporter-output>
        </test-method> <!-- myTestMethod1 -->
        <test-method signature="myTestMethod2()[pri:0, instance:TestGroup.PracticeProblems2D.A25_TestNGAnnotationsA@448c8166]" started-at="2021-05-01T13:00:43 IST" name="myTestMethod2" finished-at="2021-05-01T13:00:43 IST" duration-ms="6" status="PASS">
          <reporter-output>
          </reporter-output>
        </test-method> <!-- myTestMethod2 -->
        <test-method is-config="true" signature="beforeMethod()[pri:0, instance:TestGroup.PracticeProblems2D.A25_TestNGAnnotationsA@448c8166]" started-at="2021-05-01T13:00:43 IST" name="beforeMethod" finished-at="2021-05-01T13:00:43 IST" duration-ms="0" status="PASS">
          <reporter-output>
          </reporter-output>
        </test-method> <!-- beforeMethod -->
      </class> <!-- TestGroup.PracticeProblems2D.A25_TestNGAnnotationsA -->
      <class name="TestGroup.PracticeProblems2D.A25_TestNGAnnotationsB">
        <test-method is-config="true" signature="beforeSuite()[pri:0, instance:TestGroup.PracticeProblems2D.A25_TestNGAnnotationsB@4470fbd6]" started-at="2021-05-01T13:00:43 IST" name="beforeSuite" finished-at="2021-05-01T13:00:43 IST" duration-ms="1" status="PASS">
          <reporter-output>
          </reporter-output>
        </test-method> <!-- beforeSuite -->
        <test-method is-config="true" signature="beforeTest()[pri:0, instance:TestGroup.PracticeProblems2D.A25_TestNGAnnotationsB@4470fbd6]" started-at="2021-05-01T13:00:43 IST" name="beforeTest" finished-at="2021-05-01T13:00:43 IST" duration-ms="1" status="PASS">
          <reporter-output>
          </reporter-output>
        </test-method> <!-- beforeTest -->
        <test-method is-config="true" signature="beforeClass()[pri:0, instance:TestGroup.PracticeProblems2D.A25_TestNGAnnotationsB@4470fbd6]" started-at="2021-05-01T13:00:43 IST" name="beforeClass" finished-at="2021-05-01T13:00:43 IST" duration-ms="0" status="PASS">
          <reporter-output>
          </reporter-output>
        </test-method> <!-- beforeClass -->
        <test-method is-config="true" signature="beforeMethod()[pri:0, instance:TestGroup.PracticeProblems2D.A25_TestNGAnnotationsB@4470fbd6]" started-at="2021-05-01T13:00:43 IST" name="beforeMethod" finished-at="2021-05-01T13:00:43 IST" duration-ms="0" status="PASS">
          <reporter-output>
          </reporter-output>
        </test-method> <!-- beforeMethod -->
        <test-method signature="myTestMethod1()[pri:0, instance:TestGroup.PracticeProblems2D.A25_TestNGAnnotationsB@4470fbd6]" started-at="2021-05-01T13:00:43 IST" name="myTestMethod1" finished-at="2021-05-01T13:00:43 IST" duration-ms="2" status="PASS">
          <reporter-output>
          </reporter-output>
        </test-method> <!-- myTestMethod1 -->
        <test-method is-config="true" signature="beforeMethod()[pri:0, instance:TestGroup.PracticeProblems2D.A25_TestNGAnnotationsB@4470fbd6]" started-at="2021-05-01T13:00:43 IST" name="beforeMethod" finished-at="2021-05-01T13:00:43 IST" duration-ms="1" status="PASS">
          <reporter-output>
          </reporter-output>
        </test-method> <!-- beforeMethod -->
        <test-method signature="myTestMethod2()[pri:0, instance:TestGroup.PracticeProblems2D.A25_TestNGAnnotationsB@4470fbd6]" started-at="2021-05-01T13:00:43 IST" name="myTestMethod2" finished-at="2021-05-01T13:00:43 IST" duration-ms="4" status="PASS">
          <reporter-output>
          </reporter-output>
        </test-method> <!-- myTestMethod2 -->
      </class> <!-- TestGroup.PracticeProblems2D.A25_TestNGAnnotationsB -->
    </test> <!-- Test -->
  </suite> <!-- Suite -->
</testng-results>
